House width and height base to roof = 3 units.
Perimeter of house = 21 units.
Area of house = 19.82531754730548 units.
House looks like:
    X
   X X
  X * X
 X * * X
X * * * X
  X * X
  X X X

House width and height base to roof = 7 units.
Perimeter of house = 41 units.
Area of house = 84.07402885326977 units.
House looks like:
        ^
       ^ ^
      ^ * ^
     ^ * * ^
    ^ * * * ^
   ^ * * * * ^
  ^ * * * * * ^
 ^ * * * * * * ^
^ * * * * * * * ^
  ^ * * * * * ^
  ^ * * * * * ^
  ^ * * * * * ^
  ^ * * * * * ^
  ^ * * * * * ^
  ^ ^ ^ ^ ^ ^ ^

House width and height base to roof = 12 units.
Perimeter of house = 66 units.
Area of house = 228.87048957087498 units.
House looks like:
             W
            W W
           W o W
          W o o W
         W o o o W
        W o o o o W
       W o o o o o W
      W o o o o o o W
     W o o o o o o o W
    W o o o o o o o o W
   W o o o o o o o o o W
  W o o o o o o o o o o W
 W o o o o o o o o o o o W
W o o o o o o o o o o o o W
  W o o o o o o o o o o W
  W o o o o o o o o o o W
  W o o o o o o o o o o W
  W o o o o o o o o o o W
  W o o o o o o o o o o W
  W o o o o o o o o o o W
  W o o o o o o o o o o W
  W o o o o o o o o o o W
  W o o o o o o o o o o W
  W o o o o o o o o o o W
  W W W W W W W W W W W W

House width and height base to roof = 37 units.
Perimeter of house = 191 units.
Area of house = 2027.6123195780656 units.
House looks like:
                                      $
                                     $ $
                                    $ - $
                                   $ - - $
                                  $ - - - $
                                 $ - - - - $
                                $ - - - - - $
                               $ - - - - - - $
                              $ - - - - - - - $
                             $ - - - - - - - - $
                            $ - - - - - - - - - $
                           $ - - - - - - - - - - $
                          $ - - - - - - - - - - - $
                         $ - - - - - - - - - - - - $
                        $ - - - - - - - - - - - - - $
                       $ - - - - - - - - - - - - - - $
                      $ - - - - - - - - - - - - - - - $
                     $ - - - - - - - - - - - - - - - - $
                    $ - - - - - - - - - - - - - - - - - $
                   $ - - - - - - - - - - - - - - - - - - $
                  $ - - - - - - - - - - - - - - - - - - - $
                 $ - - - - - - - - - - - - - - - - - - - - $
                $ - - - - - - - - - - - - - - - - - - - - - $
               $ - - - - - - - - - - - - - - - - - - - - - - $
              $ - - - - - - - - - - - - - - - - - - - - - - - $
             $ - - - - - - - - - - - - - - - - - - - - - - - - $
            $ - - - - - - - - - - - - - - - - - - - - - - - - - $
           $ - - - - - - - - - - - - - - - - - - - - - - - - - - $
          $ - - - - - - - - - - - - - - - - - - - - - - - - - - - $
         $ - - - - - - - - - - - - - - - - - - - - - - - - - - - - $
        $ - - - - - - - - - - - - - - - - - - - - - - - - - - - - - $
       $ - - - - - - - - - - - - - - - - - - - - - - - - - - - - - - $
      $ - - - - - - - - - - - - - - - - - - - - - - - - - - - - - - - $
     $ - - - - - - - - - - - - - - - - - - - - - - - - - - - - - - - - $
    $ - - - - - - - - - - - - - - - - - - - - - - - - - - - - - - - - - $
   $ - - - - - - - - - - - - - - - - - - - - - - - - - - - - - - - - - - $
  $ - - - - - - - - - - - - - - - - - - - - - - - - - - - - - - - - - - - $
 $ - - - - - - - - - - - - - - - - - - - - - - - - - - - - - - - - - - - - $
$ - - - - - - - - - - - - - - - - - - - - - - - - - - - - - - - - - - - - - $
  $ - - - - - - - - - - - - - - - - - - - - - - - - - - - - - - - - - - - $
  $ - - - - - - - - - - - - - - - - - - - - - - - - - - - - - - - - - - - $
  $ - - - - - - - - - - - - - - - - - - - - - - - - - - - - - - - - - - - $
  $ - - - - - - - - - - - - - - - - - - - - - - - - - - - - - - - - - - - $
  $ - - - - - - - - - - - - - - - - - - - - - - - - - - - - - - - - - - - $
  $ - - - - - - - - - - - - - - - - - - - - - - - - - - - - - - - - - - - $
  $ - - - - - - - - - - - - - - - - - - - - - - - - - - - - - - - - - - - $
  $ - - - - - - - - - - - - - - - - - - - - - - - - - - - - - - - - - - - $
  $ - - - - - - - - - - - - - - - - - - - - - - - - - - - - - - - - - - - $
  $ - - - - - - - - - - - - - - - - - - - - - - - - - - - - - - - - - - - $
  $ - - - - - - - - - - - - - - - - - - - - - - - - - - - - - - - - - - - $
  $ - - - - - - - - - - - - - - - - - - - - - - - - - - - - - - - - - - - $
  $ - - - - - - - - - - - - - - - - - - - - - - - - - - - - - - - - - - - $
  $ - - - - - - - - - - - - - - - - - - - - - - - - - - - - - - - - - - - $
  $ - - - - - - - - - - - - - - - - - - - - - - - - - - - - - - - - - - - $
  $ - - - - - - - - - - - - - - - - - - - - - - - - - - - - - - - - - - - $
  $ - - - - - - - - - - - - - - - - - - - - - - - - - - - - - - - - - - - $
  $ - - - - - - - - - - - - - - - - - - - - - - - - - - - - - - - - - - - $
  $ - - - - - - - - - - - - - - - - - - - - - - - - - - - - - - - - - - - $
  $ - - - - - - - - - - - - - - - - - - - - - - - - - - - - - - - - - - - $
  $ - - - - - - - - - - - - - - - - - - - - - - - - - - - - - - - - - - - $
  $ - - - - - - - - - - - - - - - - - - - - - - - - - - - - - - - - - - - $
  $ - - - - - - - - - - - - - - - - - - - - - - - - - - - - - - - - - - - $
  $ - - - - - - - - - - - - - - - - - - - - - - - - - - - - - - - - - - - $
  $ - - - - - - - - - - - - - - - - - - - - - - - - - - - - - - - - - - - $
  $ - - - - - - - - - - - - - - - - - - - - - - - - - - - - - - - - - - - $
  $ - - - - - - - - - - - - - - - - - - - - - - - - - - - - - - - - - - - $
  $ - - - - - - - - - - - - - - - - - - - - - - - - - - - - - - - - - - - $
  $ - - - - - - - - - - - - - - - - - - - - - - - - - - - - - - - - - - - $
  $ - - - - - - - - - - - - - - - - - - - - - - - - - - - - - - - - - - - $
  $ - - - - - - - - - - - - - - - - - - - - - - - - - - - - - - - - - - - $
  $ - - - - - - - - - - - - - - - - - - - - - - - - - - - - - - - - - - - $
  $ - - - - - - - - - - - - - - - - - - - - - - - - - - - - - - - - - - - $
  $ - - - - - - - - - - - - - - - - - - - - - - - - - - - - - - - - - - - $
  $ - - - - - - - - - - - - - - - - - - - - - - - - - - - - - - - - - - - $
  $ $ $ $ $ $ $ $ $ $ $ $ $ $ $ $ $ $ $ $ $ $ $ $ $ $ $ $ $ $ $ $ $ $ $ $ $

================== TESTING GROW =====================
House width and height base to roof = 3 units.
Perimeter of house = 21 units.
Area of house = 19.82531754730548 units.
    X
   X X
  X * X
 X * * X
X * * * X
  X * X
  X X X

Growing...
House width and height base to roof = 4 units.
Perimeter of house = 26 units.
Area of house = 31.588457268119896 units.
     X
    X X
   X * X
  X * * X
 X * * * X
X * * * * X
  X * * X
  X * * X
  X X X X

Growing...
House width and height base to roof = 5 units.
Perimeter of house = 31 units.
Area of house = 46.217622392718745 units.
      X
     X X
    X * X
   X * * X
  X * * * X
 X * * * * X
X * * * * * X
  X * * * X
  X * * * X
  X * * * X
  X X X X X
================== TESTING SHRINK =====================

Shrinking...
House width and height base to roof = 4 units.
Perimeter of house = 26 units.
Area of house = 31.588457268119896 units.
     X
    X X
   X * X
  X * * X
 X * * * X
X * * * * X
  X * * X
  X * * X
  X X X X

Shrinking...
House width and height base to roof = 3 units.
Perimeter of house = 21 units.
Area of house = 19.82531754730548 units.
    X
   X X
  X * X
 X * * X
X * * * X
  X * X
  X X X

Shrinking...
House width and height base to roof = 3 units.
Perimeter of house = 21 units.
Area of house = 19.82531754730548 units.
    X
   X X
  X * X
 X * * X
X * * * X
  X * X
  X X X
Program ended with exit code: 0
